{"reason":"compiler-message","package_id":"path+file:///home/gaymer/Rust/sandbox#0.1.0","manifest_path":"/home/gaymer/Rust/sandbox/Cargo.toml","target":{"kind":["bin"],"crate_types":["bin"],"name":"sandbox","src_path":"/home/gaymer/Rust/sandbox/src/main.rs","edition":"2024","doc":true,"doctest":false,"test":true},"message":{"$message_type":"diagnostic","message":"mismatched types","code":{"code":"E0308","explanation":"Expected type did not match the received type.\n\nErroneous code examples:\n\n```compile_fail,E0308\nfn plus_one(x: i32) -> i32 {\n    x + 1\n}\n\nplus_one(\"Not a number\");\n//       ^^^^^^^^^^^^^^ expected `i32`, found `&str`\n\nif \"Not a bool\" {\n// ^^^^^^^^^^^^ expected `bool`, found `&str`\n}\n\nlet x: f32 = \"Not a float\";\n//     ---   ^^^^^^^^^^^^^ expected `f32`, found `&str`\n//     |\n//     expected due to this\n```\n\nThis error occurs when an expression was used in a place where the compiler\nexpected an expression of a different type. It can occur in several cases, the\nmost common being when calling a function and passing an argument which has a\ndifferent type than the matching type in the function declaration.\n"},"level":"error","spans":[{"file_name":"src/main.rs","byte_start":180,"byte_end":190,"line_start":10,"line_end":10,"column_start":20,"column_end":30,"is_primary":true,"text":[{"text":"        .read_line(&mut input)","highlight_start":20,"highlight_end":30}],"label":"expected `&mut String`, found `&mut &str`","suggested_replacement":null,"suggestion_applicability":null,"expansion":null},{"file_name":"src/main.rs","byte_start":170,"byte_end":179,"line_start":10,"line_end":10,"column_start":10,"column_end":19,"is_primary":false,"text":[{"text":"        .read_line(&mut input)","highlight_start":10,"highlight_end":19}],"label":"arguments to this method are incorrect","suggested_replacement":null,"suggestion_applicability":null,"expansion":null}],"children":[{"message":"expected mutable reference `&mut String`\n   found mutable reference `&mut &str`","code":null,"level":"note","spans":[],"children":[],"rendered":null},{"message":"method defined here","code":null,"level":"note","spans":[{"file_name":"/builddir/build/BUILD/rust-1.92.0-build/rustc-1.92.0-src/library/std/src/io/stdio.rs","byte_start":14182,"byte_end":14191,"line_start":411,"line_end":411,"column_start":12,"column_end":21,"is_primary":true,"text":[],"label":null,"suggested_replacement":null,"suggestion_applicability":null,"expansion":null}],"children":[],"rendered":null}],"rendered":"\u001b[1m\u001b[91merror[E0308]\u001b[0m\u001b[1m: mismatched types\u001b[0m\n  \u001b[1m\u001b[94m--> \u001b[0msrc/main.rs:10:20\n   \u001b[1m\u001b[94m|\u001b[0m\n\u001b[1m\u001b[94m10\u001b[0m \u001b[1m\u001b[94m|\u001b[0m         .read_line(&mut input)\n   \u001b[1m\u001b[94m|\u001b[0m          \u001b[1m\u001b[94m---------\u001b[0m \u001b[1m\u001b[91m^^^^^^^^^^\u001b[0m \u001b[1m\u001b[91mexpected `&mut String`, found `&mut &str`\u001b[0m\n   \u001b[1m\u001b[94m|\u001b[0m          \u001b[1m\u001b[94m|\u001b[0m\n   \u001b[1m\u001b[94m|\u001b[0m          \u001b[1m\u001b[94marguments to this method are incorrect\u001b[0m\n   \u001b[1m\u001b[94m|\u001b[0m\n   \u001b[1m\u001b[94m= \u001b[0m\u001b[1mnote\u001b[0m: expected mutable reference `&mut \u001b[1m\u001b[35mString\u001b[0m`\n              found mutable reference `&mut \u001b[1m\u001b[35m&str\u001b[0m`\n\u001b[1m\u001b[92mnote\u001b[0m: method defined here\n  \u001b[1m\u001b[94m--> \u001b[0m/builddir/build/BUILD/rust-1.92.0-build/rustc-1.92.0-src/library/std/src/io/stdio.rs:411:12\n\n"}}
{"reason":"compiler-message","package_id":"path+file:///home/gaymer/Rust/sandbox#0.1.0","manifest_path":"/home/gaymer/Rust/sandbox/Cargo.toml","target":{"kind":["bin"],"crate_types":["bin"],"name":"sandbox","src_path":"/home/gaymer/Rust/sandbox/src/main.rs","edition":"2024","doc":true,"doctest":false,"test":true},"message":{"$message_type":"diagnostic","message":"mismatched types","code":{"code":"E0308","explanation":"Expected type did not match the received type.\n\nErroneous code examples:\n\n```compile_fail,E0308\nfn plus_one(x: i32) -> i32 {\n    x + 1\n}\n\nplus_one(\"Not a number\");\n//       ^^^^^^^^^^^^^^ expected `i32`, found `&str`\n\nif \"Not a bool\" {\n// ^^^^^^^^^^^^ expected `bool`, found `&str`\n}\n\nlet x: f32 = \"Not a float\";\n//     ---   ^^^^^^^^^^^^^ expected `f32`, found `&str`\n//     |\n//     expected due to this\n```\n\nThis error occurs when an expression was used in a place where the compiler\nexpected an expression of a different type. It can occur in several cases, the\nmost common being when calling a function and passing an argument which has a\ndifferent type than the matching type in the function declaration.\n"},"level":"error","spans":[{"file_name":"src/main.rs","byte_start":180,"byte_end":190,"line_start":10,"line_end":10,"column_start":20,"column_end":30,"is_primary":true,"text":[{"text":"        .read_line(&mut input)","highlight_start":20,"highlight_end":30}],"label":"expected `&mut String`, found `&mut &str`","suggested_replacement":null,"suggestion_applicability":null,"expansion":null},{"file_name":"src/main.rs","byte_start":170,"byte_end":179,"line_start":10,"line_end":10,"column_start":10,"column_end":19,"is_primary":false,"text":[{"text":"        .read_line(&mut input)","highlight_start":10,"highlight_end":19}],"label":"arguments to this method are incorrect","suggested_replacement":null,"suggestion_applicability":null,"expansion":null}],"children":[{"message":"expected mutable reference `&mut String`\n   found mutable reference `&mut &str`","code":null,"level":"note","spans":[],"children":[],"rendered":null},{"message":"method defined here","code":null,"level":"note","spans":[{"file_name":"/builddir/build/BUILD/rust-1.92.0-build/rustc-1.92.0-src/library/std/src/io/stdio.rs","byte_start":14182,"byte_end":14191,"line_start":411,"line_end":411,"column_start":12,"column_end":21,"is_primary":true,"text":[],"label":null,"suggested_replacement":null,"suggestion_applicability":null,"expansion":null}],"children":[],"rendered":null}],"rendered":"\u001b[1m\u001b[91merror[E0308]\u001b[0m\u001b[1m: mismatched types\u001b[0m\n  \u001b[1m\u001b[94m--> \u001b[0msrc/main.rs:10:20\n   \u001b[1m\u001b[94m|\u001b[0m\n\u001b[1m\u001b[94m10\u001b[0m \u001b[1m\u001b[94m|\u001b[0m         .read_line(&mut input)\n   \u001b[1m\u001b[94m|\u001b[0m          \u001b[1m\u001b[94m---------\u001b[0m \u001b[1m\u001b[91m^^^^^^^^^^\u001b[0m \u001b[1m\u001b[91mexpected `&mut String`, found `&mut &str`\u001b[0m\n   \u001b[1m\u001b[94m|\u001b[0m          \u001b[1m\u001b[94m|\u001b[0m\n   \u001b[1m\u001b[94m|\u001b[0m          \u001b[1m\u001b[94marguments to this method are incorrect\u001b[0m\n   \u001b[1m\u001b[94m|\u001b[0m\n   \u001b[1m\u001b[94m= \u001b[0m\u001b[1mnote\u001b[0m: expected mutable reference `&mut \u001b[1m\u001b[35mString\u001b[0m`\n              found mutable reference `&mut \u001b[1m\u001b[35m&str\u001b[0m`\n\u001b[1m\u001b[92mnote\u001b[0m: method defined here\n  \u001b[1m\u001b[94m--> \u001b[0m/builddir/build/BUILD/rust-1.92.0-build/rustc-1.92.0-src/library/std/src/io/stdio.rs:411:12\n\n"}}
{"reason":"compiler-message","package_id":"path+file:///home/gaymer/Rust/sandbox#0.1.0","manifest_path":"/home/gaymer/Rust/sandbox/Cargo.toml","target":{"kind":["bin"],"crate_types":["bin"],"name":"sandbox","src_path":"/home/gaymer/Rust/sandbox/src/main.rs","edition":"2024","doc":true,"doctest":false,"test":true},"message":{"$message_type":"diagnostic","message":"For more information about this error, try `rustc --explain E0308`.","code":null,"level":"failure-note","spans":[],"children":[],"rendered":"\u001b[1mFor more information about this error, try `rustc --explain E0308`.\u001b[0m\n"}}
{"reason":"compiler-message","package_id":"path+file:///home/gaymer/Rust/sandbox#0.1.0","manifest_path":"/home/gaymer/Rust/sandbox/Cargo.toml","target":{"kind":["bin"],"crate_types":["bin"],"name":"sandbox","src_path":"/home/gaymer/Rust/sandbox/src/main.rs","edition":"2024","doc":true,"doctest":false,"test":true},"message":{"$message_type":"diagnostic","message":"For more information about this error, try `rustc --explain E0308`.","code":null,"level":"failure-note","spans":[],"children":[],"rendered":"\u001b[1mFor more information about this error, try `rustc --explain E0308`.\u001b[0m\n"}}
{"reason":"build-finished","success":false}
